<?xml version="1.0" encoding="UTF-8"?>
<!-- Generated by org.testng.reporters.JUnitXMLReporter -->
<testsuite hostname="DESKTOP-NPTJ03E" name="CRM Tests" tests="3" failures="0" timestamp="23 Jun 2020 20:55:56 GMT" time="43.573" errors="0">
  <testcase name="HomePageTitleTest" time="0.044" classname="com.crm.qa.tests.HomePageTest"/>
  <testcase name="loginPageTitleTest" time="0.016" classname="com.crm.qa.tests.LoginPageTest"/>
  <testcase name="loginTest" time="0.981" classname="com.crm.qa.tests.LoginPageTest"/>
</testsuite> <!-- CRM Tests -->
